Performing C SOURCE FILE Test CMAKE_HAVE_LIBC_PTHREAD failed with the following output:
Change Dir: /home/guilherme/Área de Trabalho/PacMan_CPP/build/CMakeFiles/CMakeTmp

Run Build Command(s):/usr/bin/make cmTC_3d78e/fast && /usr/bin/make -f CMakeFiles/cmTC_3d78e.dir/build.make CMakeFiles/cmTC_3d78e.dir/build
make[1]: Entrando no diretório '/home/guilherme/Área de Trabalho/PacMan_CPP/build/CMakeFiles/CMakeTmp'
Building C object CMakeFiles/cmTC_3d78e.dir/src.c.o
/usr/bin/cc   -fno-strict-aliasing -Werror=implicit-function-declaration -Werror=pointer-arith  -DCMAKE_HAVE_LIBC_PTHREAD   -o CMakeFiles/cmTC_3d78e.dir/src.c.o   -c "/home/guilherme/Área de Trabalho/PacMan_CPP/build/CMakeFiles/CMakeTmp/src.c"
Linking C executable cmTC_3d78e
/usr/bin/cmake -E cmake_link_script CMakeFiles/cmTC_3d78e.dir/link.txt --verbose=1
/usr/bin/cc -fno-strict-aliasing -Werror=implicit-function-declaration -Werror=pointer-arith  -DCMAKE_HAVE_LIBC_PTHREAD    -rdynamic CMakeFiles/cmTC_3d78e.dir/src.c.o  -o cmTC_3d78e 
/usr/bin/ld: CMakeFiles/cmTC_3d78e.dir/src.c.o: na função "main":
src.c:(.text+0x46): referência não definida para "pthread_create"
/usr/bin/ld: src.c:(.text+0x52): referência não definida para "pthread_detach"
/usr/bin/ld: src.c:(.text+0x63): referência não definida para "pthread_join"
collect2: error: ld returned 1 exit status
make[1]: *** [CMakeFiles/cmTC_3d78e.dir/build.make:87: cmTC_3d78e] Erro 1
make[1]: Saindo do diretório '/home/guilherme/Área de Trabalho/PacMan_CPP/build/CMakeFiles/CMakeTmp'
make: *** [Makefile:121: cmTC_3d78e/fast] Erro 2


Source file was:
#include <pthread.h>

void* test_func(void* data)
{
  return data;
}

int main(void)
{
  pthread_t thread;
  pthread_create(&thread, NULL, test_func, NULL);
  pthread_detach(thread);
  pthread_join(thread, NULL);
  pthread_atfork(NULL, NULL, NULL);
  pthread_exit(NULL);

  return 0;
}

Determining if the function pthread_create exists in the pthreads failed with the following output:
Change Dir: /home/guilherme/Área de Trabalho/PacMan_CPP/build/CMakeFiles/CMakeTmp

Run Build Command(s):/usr/bin/make cmTC_7b95a/fast && /usr/bin/make -f CMakeFiles/cmTC_7b95a.dir/build.make CMakeFiles/cmTC_7b95a.dir/build
make[1]: Entrando no diretório '/home/guilherme/Área de Trabalho/PacMan_CPP/build/CMakeFiles/CMakeTmp'
Building C object CMakeFiles/cmTC_7b95a.dir/CheckFunctionExists.c.o
/usr/bin/cc   -fno-strict-aliasing -Werror=implicit-function-declaration -Werror=pointer-arith  -DCHECK_FUNCTION_EXISTS=pthread_create   -o CMakeFiles/cmTC_7b95a.dir/CheckFunctionExists.c.o   -c /usr/share/cmake-3.16/Modules/CheckFunctionExists.c
Linking C executable cmTC_7b95a
/usr/bin/cmake -E cmake_link_script CMakeFiles/cmTC_7b95a.dir/link.txt --verbose=1
/usr/bin/cc -fno-strict-aliasing -Werror=implicit-function-declaration -Werror=pointer-arith  -DCHECK_FUNCTION_EXISTS=pthread_create    -rdynamic CMakeFiles/cmTC_7b95a.dir/CheckFunctionExists.c.o  -o cmTC_7b95a  -lpthreads 
/usr/bin/ld: não foi possível localizar -lpthreads
collect2: error: ld returned 1 exit status
make[1]: *** [CMakeFiles/cmTC_7b95a.dir/build.make:87: cmTC_7b95a] Erro 1
make[1]: Saindo do diretório '/home/guilherme/Área de Trabalho/PacMan_CPP/build/CMakeFiles/CMakeTmp'
make: *** [Makefile:121: cmTC_7b95a/fast] Erro 2



